[controlcommands.cpp:100]: Local player will control Sweden
[gamestate.cpp:1732]: Starting AI
[gamestate.cpp:1753]: AI created for 
[gamestate.cpp:1753]: AI created for The United Kingdom
[gamestate.cpp:1753]: AI created for Russia
[gamestate.cpp:1753]: AI created for France
[gamestate.cpp:1753]: AI created for Prussia
[gamestate.cpp:1753]: AI created for Germany
[gamestate.cpp:1753]: AI created for Austria
[gamestate.cpp:1753]: AI created for The USA
[gamestate.cpp:1753]: AI created for Japan
[gamestate.cpp:1753]: AI created for Italy
[gamestate.cpp:1753]: AI created for Austria-Hungary
[gamestate.cpp:1753]: AI created for Denmark
[gamestate.cpp:1753]: AI created for Finland
[gamestate.cpp:1753]: AI created for Norway
[gamestate.cpp:1753]: AI created for Scandinavia
[gamestate.cpp:1753]: AI created for Belgium
[gamestate.cpp:1753]: AI created for Catalonia
[gamestate.cpp:1753]: AI created for Flanders
[gamestate.cpp:1753]: AI created for Ireland
[gamestate.cpp:1753]: AI created for Netherlands
[gamestate.cpp:1753]: AI created for Portugal
[gamestate.cpp:1753]: AI created for Scotland
[gamestate.cpp:1753]: AI created for Spain
[gamestate.cpp:1753]: AI created for Wallonia
[gamestate.cpp:1753]: AI created for Anhalt
[gamestate.cpp:1753]: AI created for Baden
[gamestate.cpp:1753]: AI created for Bavaria
[gamestate.cpp:1753]: AI created for Braunschweig
[gamestate.cpp:1753]: AI created for Bremen
[gamestate.cpp:1753]: AI created for Saxe-Coburg-Gotha
[gamestate.cpp:1753]: AI created for Danzig
[gamestate.cpp:1753]: AI created for Frankfurt am Main
[gamestate.cpp:1753]: AI created for Hamburg
[gamestate.cpp:1753]: AI created for Hanover
[gamestate.cpp:1753]: AI created for Hesse-Darmstadt
[gamestate.cpp:1753]: AI created for Hesse-Kassel
[gamestate.cpp:1753]: AI created for Holstein
[gamestate.cpp:1753]: AI created for Lippe-Detmold
[gamestate.cpp:1753]: AI created for Lübeck
[gamestate.cpp:1753]: AI created for Luxemburg
[gamestate.cpp:1753]: AI created for Mecklenburg
[gamestate.cpp:1753]: AI created for Saxe-Meiningen
[gamestate.cpp:1753]: AI created for Nassau
[gamestate.cpp:1753]: AI created for North German Federation
[gamestate.cpp:1753]: AI created for Oldenburg
[gamestate.cpp:1753]: AI created for Saxony
[gamestate.cpp:1753]: AI created for Schleswig
[gamestate.cpp:1753]: AI created for South German Federation
[gamestate.cpp:1753]: AI created for Saxe-Weimar
[gamestate.cpp:1753]: AI created for Württemberg
[gamestate.cpp:1753]: AI created for Lombardia
[gamestate.cpp:1753]: AI created for Lucca
[gamestate.cpp:1753]: AI created for Modena
[gamestate.cpp:1753]: AI created for Papal States
[gamestate.cpp:1753]: AI created for Parma
[gamestate.cpp:1753]: AI created for Sardinia-Piedmont
[gamestate.cpp:1753]: AI created for Two Sicilies
[gamestate.cpp:1753]: AI created for Trieste
[gamestate.cpp:1753]: AI created for Tuscany
[gamestate.cpp:1753]: AI created for Venice
[gamestate.cpp:1753]: AI created for Bohemia-Moravia
[gamestate.cpp:1753]: AI created for Krakow
[gamestate.cpp:1753]: AI created for Crimea
[gamestate.cpp:1753]: AI created for Estonia
[gamestate.cpp:1753]: AI created for Hungary
[gamestate.cpp:1753]: AI created for Lithuania
[gamestate.cpp:1753]: AI created for Latvia
[gamestate.cpp:1753]: AI created for Poland
[gamestate.cpp:1753]: AI created for Slovakia
[gamestate.cpp:1753]: AI created for Switzerland
[gamestate.cpp:1753]: AI created for Ruthenia
[gamestate.cpp:1753]: AI created for Siebenbürgen
[gamestate.cpp:1753]: AI created for Ukraine
[gamestate.cpp:1753]: AI created for Czechoslovakia
[gamestate.cpp:1753]: AI created for Albania
[gamestate.cpp:1753]: AI created for Bosnia-Herzegovina
[gamestate.cpp:1753]: AI created for Bulgaria
[gamestate.cpp:1753]: AI created for Crete
[gamestate.cpp:1753]: AI created for Croatia
[gamestate.cpp:1753]: AI created for Cyprus
[gamestate.cpp:1753]: AI created for Greece
[gamestate.cpp:1753]: AI created for Ionian Islands
[gamestate.cpp:1753]: AI created for Moldavia
[gamestate.cpp:1753]: AI created for Montenegro
[gamestate.cpp:1753]: AI created for Romania
[gamestate.cpp:1753]: AI created for Serbia
[gamestate.cpp:1753]: AI created for Slovenia
[gamestate.cpp:1753]: AI created for Ottoman Empire
[gamestate.cpp:1753]: AI created for Wallachia
[gamestate.cpp:1753]: AI created for Yugoslavia
[gamestate.cpp:1753]: AI created for Algeria
[gamestate.cpp:1753]: AI created for Egypt
[gamestate.cpp:1753]: AI created for Ethiopia
[gamestate.cpp:1753]: AI created for Madagascar
[gamestate.cpp:1753]: AI created for Liberia
[gamestate.cpp:1753]: AI created for Morocco
[gamestate.cpp:1753]: AI created for Natalia
[gamestate.cpp:1753]: AI created for Oranje
[gamestate.cpp:1753]: AI created for South Africa
[gamestate.cpp:1753]: AI created for Sokoto
[gamestate.cpp:1753]: AI created for Tripoli
[gamestate.cpp:1753]: AI created for Transvaal
[gamestate.cpp:1753]: AI created for Tunis
[gamestate.cpp:1753]: AI created for Zanzibar
[gamestate.cpp:1753]: AI created for Zulu
[gamestate.cpp:1753]: AI created for Abu Dhabi
[gamestate.cpp:1753]: AI created for Afghanistan
[gamestate.cpp:1753]: AI created for Armenia
[gamestate.cpp:1753]: AI created for Azerbaijan
[gamestate.cpp:1753]: AI created for Bukkhara
[gamestate.cpp:1753]: AI created for Georgia
[gamestate.cpp:1753]: AI created for Hedjaz
[gamestate.cpp:1753]: AI created for Iraq
[gamestate.cpp:1753]: AI created for Khiva
[gamestate.cpp:1753]: AI created for Kokand
[gamestate.cpp:1753]: AI created for Mughalistan
[gamestate.cpp:1753]: AI created for Nejd
[gamestate.cpp:1753]: AI created for Oman
[gamestate.cpp:1753]: AI created for Persia
[gamestate.cpp:1753]: AI created for Yemen
[gamestate.cpp:1753]: AI created for India
[gamestate.cpp:1753]: AI created for Awadh
[gamestate.cpp:1753]: AI created for Bastar
[gamestate.cpp:1753]: AI created for Beroda
[gamestate.cpp:1753]: AI created for Bhopal
[gamestate.cpp:1753]: AI created for Bikaner
[gamestate.cpp:1753]: AI created for Bundelkhand
[gamestate.cpp:1753]: AI created for Gwalior
[gamestate.cpp:1753]: AI created for Hyderabad
[gamestate.cpp:1753]: AI created for Indore
[gamestate.cpp:1753]: AI created for Jaipur
[gamestate.cpp:1753]: AI created for Jaisalmer
[gamestate.cpp:1753]: AI created for Jodhpur
[gamestate.cpp:1753]: AI created for Kalat
[gamestate.cpp:1753]: AI created for Kashmir
[gamestate.cpp:1753]: AI created for Kutch
[gamestate.cpp:1753]: AI created for Ladakh
[gamestate.cpp:1753]: AI created for Makran
[gamestate.cpp:1753]: AI created for Mewar
[gamestate.cpp:1753]: AI created for Mysore
[gamestate.cpp:1753]: AI created for Nagpur
[gamestate.cpp:1753]: AI created for Nepal
[gamestate.cpp:1753]: AI created for Orissa
[gamestate.cpp:1753]: AI created for Panjab
[gamestate.cpp:1753]: AI created for Shimla
[gamestate.cpp:1753]: AI created for Sikkim
[gamestate.cpp:1753]: AI created for Sindh
[gamestate.cpp:1753]: AI created for Travancore
[gamestate.cpp:1753]: AI created for Atjeh
[gamestate.cpp:1753]: AI created for Bali
[gamestate.cpp:1753]: AI created for Bhutan
[gamestate.cpp:1753]: AI created for Brunei
[gamestate.cpp:1753]: AI created for Burma
[gamestate.cpp:1753]: AI created for Cambodia
[gamestate.cpp:1753]: AI created for China
[gamestate.cpp:1753]: AI created for Dai Nam
[gamestate.cpp:1753]: AI created for Java
[gamestate.cpp:1753]: AI created for Korea
[gamestate.cpp:1753]: AI created for Luang Prabang
[gamestate.cpp:1753]: AI created for Johore
[gamestate.cpp:1753]: AI created for Siam
[gamestate.cpp:1753]: AI created for Tibet
[gamestate.cpp:1753]: AI created for Mongolia
[gamestate.cpp:1753]: AI created for Wiang Chhan
[gamestate.cpp:1753]: AI created for Philippines
[gamestate.cpp:1753]: AI created for Manchukuo
[gamestate.cpp:1753]: AI created for Guangxi Clique
[gamestate.cpp:1753]: AI created for Shanxi Clique
[gamestate.cpp:1753]: AI created for Yunnan Clique
[gamestate.cpp:1753]: AI created for Xibei San Ma
[gamestate.cpp:1753]: AI created for Xinjiang Clique
[gamestate.cpp:1753]: AI created for Californian Republic
[gamestate.cpp:1753]: AI created for Canada
[gamestate.cpp:1753]: AI created for Cherokee
[gamestate.cpp:1753]: AI created for Columbia
[gamestate.cpp:1753]: AI created for Costa Rica
[gamestate.cpp:1753]: AI created for The CSA
[gamestate.cpp:1753]: AI created for Cuba
[gamestate.cpp:1753]: AI created for Deseret
[gamestate.cpp:1753]: AI created for Dominican Republic
[gamestate.cpp:1753]: AI created for El Salvador
[gamestate.cpp:1753]: AI created for Guatemala
[gamestate.cpp:1753]: AI created for Haiti
[gamestate.cpp:1753]: AI created for Hawaii
[gamestate.cpp:1753]: AI created for Manhattan Commune
[gamestate.cpp:1753]: AI created for Mexico
[gamestate.cpp:1753]: AI created for Metis Confederacy
[gamestate.cpp:1753]: AI created for Honduras
[gamestate.cpp:1753]: AI created for New England
[gamestate.cpp:1753]: AI created for Newfoundland
[gamestate.cpp:1753]: AI created for Nicaragua
[gamestate.cpp:1753]: AI created for Panama
[gamestate.cpp:1753]: AI created for Quebec
[gamestate.cpp:1753]: AI created for Texas
[gamestate.cpp:1753]: AI created for United States of Central America
[gamestate.cpp:1753]: AI created for Argentina
[gamestate.cpp:1753]: AI created for Bolivia
[gamestate.cpp:1753]: AI created for Brazil
[gamestate.cpp:1753]: AI created for Chile
[gamestate.cpp:1753]: AI created for Colombia
[gamestate.cpp:1753]: AI created for Ecuador
[gamestate.cpp:1753]: AI created for Peru
[gamestate.cpp:1753]: AI created for Paraguay
[gamestate.cpp:1753]: AI created for Uruguay
[gamestate.cpp:1753]: AI created for Venezuela
[gamestate.cpp:1753]: AI created for Australia
[gamestate.cpp:1753]: AI created for New Zealand
[gamestate.cpp:1753]: AI created for Rebels
