[texturehandler.cpp:108]: Couldn't find texture: 
[graphics.cpp:639]: Textures still loaded when Graphics exists:
[texturehandler.cpp:432]: Texture manager info:
--------------------

Number of textures: 160

Textures:
gfx\anims\Generic_Indian_Infantry_Diffuse.tga (7)  [256x256]
gfx\anims\Generic_Indian_Infantry_Spec.tga (7)  [256x256]
gfx\anims\Generic_African_Infantry_Diffuse.tga (7)  [256x256]
gfx\anims\Generic_African_Infantry_Spec.tga (7)  [256x256]
gfx\anims\eiffelshadow.tga (1)  [256x256]
gfx\anims\eiffeltower_diffuse.tga (1)  [512x512]
gfx\anims\spanish_infantry_diffuse.tga (7)  [256x256]
gfx\anims\standinspec.tga (162)  [256x256]
gfx\anims\Infantry_shadowblob.tga (1)  [128x128]
gfx\anims\Panama_Canal_Diffuse.tga (1)  [256x256]
gfx\anims\nospec.tga (53)  [64x64]
gfx\anims\British_Infantry2_Diffuse.tga (7)  [256x256]
gfx\\mapitems\\building_coastfort.dds (1)  [64x64]
gfx\anims\Navalbase_Mid_Diffuse.tga (4)  [256x256]
gfx\anims\Navalbase_Mid_Shadow_Full.tga (2)  [128x128]
gfx\anims\Fort_Late_Diffuse.tga (2)  [128x128]
gfx\anims\Fort_Late_Shadow.tga (2)  [128x128]
gfx\anims\Chineses_Infantry_Diffuse.tga (7)  [256x256]
gfx\anims\Generic_Asian_Infantry2_Diffuse.tga (7)  [256x256]
gfx\anims\Generic_Asian_Infantry2_Spec.tga (7)  [256x256]
gfx\anims\British_Infantry_Diffuse.tga (7)  [256x256]
gfx\anims\Navalbase_Late_Diffuse.tga (4)  [256x256]
gfx\anims\Navalbase_Late_Shadow_Full.tga (2)  [128x128]
gfx\anims\Generic_Asian_Infantry_Diffuse.tga (7)  [256x256]
gfx\anims\Generic_Asian_Infantry_Spec.tga (7)  [256x256]
gfx\anims\smoke.tga (9)  [128x512]
gfx\anims\ship_shadow.tga (9)  [128x512]
gfx\anims\Generic_Cruiser.tga (1)  [512x256]
gfx\anims\AustriaHungery_Infantry2_Diffuse.tga (3)  [256x256]
gfx\anims\Prussian_Infantry_Diffuse.tga (7)  [256x256]
gfx\anims\Italian_Infantry_Diffuse.tga (5)  [256x256]
gfx\anims\Spanish_Infantry2_Diffuse.tga (7)  [256x256]
gfx\anims\ottoman_infantry_diffuse.tga (8)  [256x256]
gfx\anims\french_infantry_diffuse.tga (7)  [256x256]
gfx\\mapitems\\building_radar.dds (1)  [64x64]
gfx\anims\Italian_Infantry2_Diffuse.tga (3)  [256x256]
gfx\\mapitems\\counterbackground_small.tga (1)  [32x32]
gfx\\mapitems\\countercolormask_small.tga (1)  [32x32]
gfx\\mapitems\\counterarmysize_counter_small.tga (1)  [192x32]
 *** ERROR ***  (1)  This texture wasn't loaded!
gfx\anims\Chinese_Infantry2_Diffuse.tga (7)  [256x256]
gfx\\mapitems\\combat_status.dds (2)  [192x64]
gfx\anims\Swedish_Infantry2_Diffuse.tga (7)  [256x256]
gfx\\mapitems\\building_nuclear.dds (1)  [64x64]
gfx\\mapitems\\retreatarrow.tga (1)  [128x128]
gfx\\mapitems\\resource_energy.dds (1)  [40x40]
gfx\anims\Generic_Indian_Infantry2_Diffuse.tga (6)  [512x512]
gfx\anims\Generic_Indian_Infantry2_Spec.tga (6)  [256x256]
gfx\anims\Generic_Arab_Infantry2_Diffuse.tga (8)  [256x256]
gfx\anims\Generic_Arab_Infantry2_Spec.tga (8)  [256x256]
gfx\anims\Factory_Diffuse.tga (2)  [512x512]
gfx\anims\Factory_Shadow.tga (2)  [256x256]
gfx\anims\Prussian_Infantry2_Diffuse.tga (7)  [256x256]
gfx\\mapitems\\stratarrow.tga (1)  [64x128]
gfx\\mapitems\\building_landfort.dds (1)  [64x64]
gfx\anims\Navalbase_Early_Diffuse.tga (4)  [256x256]
gfx\anims\Navalbase_Early_Shadow_Empty.tga (2)  [128x128]
gfx\anims\Generic_SA_Infantry_Diffuse.tga (7)  [256x256]
gfx\anims\Generic_SA_Infantry_Spec.tga (7)  [256x256]
gfx\anims\Port_Diffuse.tga (2)  [256x128]
gfx\anims\Port_Shadow_Full.tga (1)  [128x128]
gfx\\mapitems\\supply_depot.dds (1)  [64x64]
gfx\anims\french_infantry2_diffuse.tga (7)  [256x256]
gfx\\mapitems\\objectivearrow.tga (1)  [64x128]
gfx\anims\Us_Infantry_Diffuse.tga (7)  [256x256]
gfx\anims\Blockade_fence.tga (1)  [512x512]
gfx\anims\russian_infantry_diffuse.tga (5)  [256x256]
gfx\anims\Construction_Military_Diffuse.tga (1)  [512x512]
gfx\anims\Navalbase_Early_Shadow_Full.tga (2)  [128x128]
gfx\anims\Generic_African_Infantry2_Diffuse.tga (5)  [256x256]
gfx\anims\Generic_African_Infantry2_Spec.tga (5)  [256x256]
gfx\\mapitems\\building_aa.dds (1)  [64x64]
gfx\\mapitems\\otherobjectivearrow.tga (1)  [64x128]
gfx\anims\Generic_SA_Infantry2_Diffuse.tga (7)  [256x256]
gfx\anims\Generic_SA_Infantry2_Spec.tga (7)  [256x256]
gfx\anims\Generic_Manowar_Diffuse.tga (1)  [512x256]
gfx\anims\Us_Infantry2_Diffuse.tga (7)  [256x256]
gfx\anims\Russian_Infantry2_Diffuse.tga (7)  [256x256]
gfx\anims\Generic_Euro_Infantry2_Diffuse.tga (4)  [256x256]
gfx\anims\Generic_Euro_Infantry2_Spec.tga (4)  [256x256]
gfx\anims\generic_euro_infantry_diffuse.tga (7)  [256x256]
gfx\anims\infantry_spec.tga (7)  [256x256]
gfx\anims\Japanese_Infantry2_Diffuse.tga (6)  [256x256]
gfx\anims\Swedish_Infantry_Diffuse.tga (7)  [256x256]
gfx\anims\Generic_Frigate_Diffuse.tga (1)  [256x256]
gfx\anims\zulu_infantry_diffuse.tga (4)  [256x256]
gfx\anims\Japanese_Infantry_Diffuse.tga (12)  [256x256]
gfx\anims\Generic_Transport_Diffuse.tga (1)  [256x256]
gfx\anims\Generic_Transport_Spec.tga (1)  [256x256]
gfx\\mapitems\\building_rocket.dds (1)  [64x64]
gfx\anims\Navalbase_Mid_Shadow_Empty.tga (2)  [128x128]
gfx\\mapitems\\unit_ui_diffuse.dds (2)  [64x64]
gfx\\mapitems\\unit_ui_mask.dds (2)  [64x64]
gfx\anims\AustriaHungery_Infantry_Diffuse.tga (7)  [256x256]
gfx\anims\Us_Monitor_Diffuse.tga (1)  [256x256]
gfx\anims\Us_Monitor_Spec.tga (1)  [256x256]
gfx\anims\bigben_diffuse.tga (1)  [512x512]
gfx\anims\bigben_shadow.tga (1)  [128x128]
gfx\\mapitems\\building_capital.dds (1)  [128x128]
gfx\anims\Port_Shadow_Empty.tga (1)  [128x128]
gfx\anims\generic_steamtransport_diffuse.tga (1)  [512x256]
gfx\\mapitems\\resource_metal.dds (1)  [40x40]
gfx\anims\Fort_Early_Shadow.tga (5)  [128x128]
gfx\anims\Fort_Early_Diffuse.tga (2)  [128x128]
gfx\\mapitems\\counterbackground.tga (1)  [64x64]
gfx\\mapitems\\countercolormask.tga (1)  [64x64]
gfx\\mapitems\\counterarmysize_counter.tga (1)  [384x64]
gfx\\mapitems\\counter_arrows.dds (2)  [64x32]
gfx\anims\csa_infantry_diffuse.tga (6)  [256x256]
gfx\anims\General_Dreadnought_Diffuse.tga (1)  [512x256]
gfx\\mapitems\\movearrow.tga (2)  [128x128]
gfx\anims\unionjacksquare.tga (2)  [64x64]
gfx\anims\flag_normal01.tga (2)  [256x128]
gfx\anims\pole_diffuse.tga (1)  [64x64]
gfx\anims\british_infantry_diffuse.tga (1)  [256x256]
gfx\anims\Csa_Infantry_Diffuse.tga (1)  [256x256]
gfx\\mapitems\\resource_raremat.dds (1)  [40x40]
gfx\anims\Kiel_Canal_Diffuse.tga (1)  [256x256]
gfx\anims\Construction_Diffuse.tga (1)  [512x512]
gfx\anims\Construction_Shadow.tga (1)  [512x512]
gfx\anims\Navalbase_Late_Shadow_Empty.tga (2)  [128x128]
gfx\\interface\\resources.dds (2)  [1372x23]
gfx\anims\Generic_Arab_Infantry_Diffuse.tga (17)  [256x256]
gfx\anims\Generic_Arab_Infantry_Spec.tga (17)  [256x256]
gfx\\mapitems\\attackarrow.tga (2)  [128x128]
gfx\anims\Contruction_Naval_Diffuse.tga (1)  [512x512]
gfx\anims\Contruction_Military_Shadow.tga (1)  [512x512]
gfx\anims\Csa_Infantry2_Diffuse.tga (7)  [256x256]
gfx\anims\Fort_Mid_Diffuse2.tga (2)  [128x128]
gfx\anims\Generic_Ironclad_Diffuse.tga (1)  [512x256]
gfx\\mapitems\\resource_oil.dds (1)  [40x40]
gfx\anims\Ottoman_Infantry2_Diffuse.tga (6)  [256x256]
gfx\\mapitems\\icon_objective_strip.dds (1)  [128x32]
gfx\anims\Suez_Canal_Diffuse.tga (1)  [256x256]
gfx\\interface\\crime_strip.dds (1)  [288x32]
gfx\anims\Infrastructure1_Diffuse.tga (1)  [256x256]
gfx\\interface\\province_natfocus_strip.dds (1)  [768x32]
gfx\anims\Generic_Raider_Diffuse.tga (1)  [512x512]
gfx\\mapitems\\building_airbase.dds (1)  [128x64]
flagmap_0 (1)  [2048x1024]
flagmap_1 (1)  [2048x1024]
flagmap_2 (1)  [2048x1024]
flagmap_3 (1)  [2048x1024]
flagmap_4 (1)  [2048x1024]
flagmap_5 (1)  [2048x1024]
flagmap_6 (1)  [2048x1024]
flagmap_7 (1)  [2048x1024]
flagmap_8 (1)  [2048x1024]
map/terrain/texturesheet.tga (1)  [2048x2048]
map/terrain/texturesheet2.tga (1)  [2048x2048]
map/terrain/borders.tga (1)  [2048x256]
map/terrain/borders2.tga (1)  [2048x256]
map/terrain/borders3.tga (1)  [2048x256]
map/terrain/sea_normal.dds (1)  [512x512]
map/terrain/map_overlay_tile.dds (1)  [512x512]
map/terrain/shore_alpha.tga (1)  [64x64]
map/terrain/river_exit.dds (1)  [512x128]
map/terrain/colormap_political.dds (1)  [1880x720]
map/terrain/test_noise.dds (1)  [256x256]
map/terrain/noise_test2.dds (1)  [256x256]

Memory (not very accurate): -45796040
