-----------------------------------------------
EMotion FX - Information
-----------------------------------------------
Version:          v3.6.
Version string:   EMotion FX v3.6
Compilation date: Jan  9 2008
OpenMP supported: Yes
License System:   No
-----------------------------------------------
- Trying to load actor from file 'gfx\anims\Generic_Indian_Infantry.xac'...
  + Loading successfully finished
- Trying to load skeletal motion from file 'gfx\anims\infantry_idle_3.xsm'...
  + Loading successfully finished
- Trying to load skeletal motion from file 'gfx\anims\infantry_moving.xsm'...
  + Loading successfully finished
- Trying to load skeletal motion from file 'gfx\anims\infantry_attack.xsm'...
  + Loading successfully finished
- Trying to load actor from file 'gfx\anims\Generic_African_Infantry.xac'...
  + Loading successfully finished
- Trying to load skeletal motion from file 'gfx\anims\infantry_idle_3.xsm'...
  + Loading successfully finished
- Trying to load skeletal motion from file 'gfx\anims\infantry_moving.xsm'...
  + Loading successfully finished
- Trying to load skeletal motion from file 'gfx\anims\infantry_attack.xsm'...
  + Loading successfully finished
- Trying to load actor from file 'gfx\anims\capital_eiffeltower.xac'...
  + Loading successfully finished
- Trying to load skeletal motion from file 'gfx\anims\static.xsm'...
  + Loading successfully finished
- Trying to load skeletal motion from file 'gfx\anims\static.xsm'...
  + Loading successfully finished
- Trying to load skeletal motion from file 'gfx\anims\static.xsm'...
  + Loading successfully finished
- Trying to load actor from file 'gfx\anims\Spanish_Helmet1.xac'...
  + Loading successfully finished
- Trying to load actor from file 'gfx\anims\Infantry_shadowblob.xac'...
  + Loading successfully finished
- Trying to load skeletal motion from file 'gfx\anims\static.xsm'...
  + Loading successfully finished
- Trying to load skeletal motion from file 'gfx\anims\static.xsm'...
  + Loading successfully finished
- Trying to load skeletal motion from file 'gfx\anims\static.xsm'...
  + Loading successfully finished
- Trying to load actor from file 'gfx\anims\Panama_Canel.xac'...
  + Loading successfully finished
- Trying to load skeletal motion from file 'gfx\anims\static.xsm'...
  + Loading successfully finished
- Trying to load actor from file 'gfx\anims\british_infantry2.xac'...
  + Loading successfully finished
- Trying to load skeletal motion from file 'gfx\anims\infantry_idle_3.xsm'...
  + Loading successfully finished
- Trying to load skeletal motion from file 'gfx\anims\infantry_moving.xsm'...
  + Loading successfully finished
- Trying to load skeletal motion from file 'gfx\anims\infantry_attack.xsm'...
  + Loading successfully finished
- Trying to load actor from file 'gfx\anims\Navalbase_Mid_Full.xac'...
  + Loading successfully finished
- Trying to load skeletal motion from file 'gfx\anims\Navalbase_Mid_Animation.xsm'...
  + Loading successfully finished
- Trying to load actor from file 'gfx\anims\Fort_Late.xac'...
  + Loading successfully finished
- Trying to load skeletal motion from file 'gfx\anims\static.xsm'...
  + Loading successfully finished
- Trying to load actor from file 'gfx\anims\Chinese_Helmet1.xac'...
  + Loading successfully finished
- Trying to load actor from file 'gfx\anims\Generic_Asian_Infantry2.xac'...
  + Loading successfully finished
- Trying to load skeletal motion from file 'gfx\anims\infantry_idle_3.xsm'...
  + Loading successfully finished
- Trying to load skeletal motion from file 'gfx\anims\infantry_moving.xsm'...
  + Loading successfully finished
- Trying to load skeletal motion from file 'gfx\anims\infantry_attack.xsm'...
  + Loading successfully finished
- Trying to load actor from file 'gfx\anims\Generic_Gun1.xac'...
  + Loading successfully finished
- Trying to load actor from file 'gfx\anims\Navalbase_Late_Full.xac'...
  + Loading successfully finished
- Trying to load skeletal motion from file 'gfx\anims\Navalbase_Late_Animation.xsm'...
  + Loading successfully finished
- Trying to load actor from file 'gfx\anims\Generic_Asian_Helmet1.xac'...
  + Loading successfully finished
- Trying to load actor from file 'gfx\anims\Generic_Cruiser.xac'...
  + Loading successfully finished
- Trying to load skeletal motion from file 'gfx\anims\Generic_Cruiser_Anim_Idle.xsm'...
  + Loading successfully finished
- Trying to load skeletal motion from file 'gfx\anims\Generic_Cruiser_Anim_Moving.xsm'...
  + Loading successfully finished
- Trying to load skeletal motion from file 'gfx\anims\Generic_Cruiser_Anim_Attack.xsm'...
  + Loading successfully finished
- Trying to load actor from file 'gfx\anims\Austria_Hungery_Infantry2.xac'...
  + Loading successfully finished
- Trying to load skeletal motion from file 'gfx\anims\infantry_idle_3.xsm'...
  + Loading successfully finished
- Trying to load skeletal motion from file 'gfx\anims\infantry_moving.xsm'...
  + Loading successfully finished
- Trying to load skeletal motion from file 'gfx\anims\infantry_attack.xsm'...
  + Loading successfully finished
- Trying to load actor from file 'gfx\anims\Prussian_Helmet1.xac'...
  + Loading successfully finished
- Trying to load actor from file 'gfx\anims\Italian_Helmet1.xac'...
  + Loading successfully finished
- Trying to load actor from file 'gfx\anims\Spanish_Helmet21.xac'...
  + Loading successfully finished
- Trying to load actor from file 'gfx\anims\Ottoman_Infantry.xac'...
  + Loading successfully finished
- Trying to load skeletal motion from file 'gfx\anims\infantry_idle_3.xsm'...
  + Loading successfully finished
- Trying to load skeletal motion from file 'gfx\anims\infantry_moving.xsm'...
  + Loading successfully finished
- Trying to load skeletal motion from file 'gfx\anims\infantry_attack.xsm'...
  + Loading successfully finished
- Trying to load actor from file 'gfx\anims\French_Helmet1.xac'...
  + Loading successfully finished
- Trying to load actor from file 'gfx\anims\occupation.xac'...
  + Loading successfully finished
- Trying to load skeletal motion from file 'gfx\anims\occupation.xsm'...
  + Loading successfully finished
- Trying to load actor from file 'gfx\anims\Italian_Helmet22.xac'...
  + Loading successfully finished
- Trying to load actor from file 'gfx\anims\Fort_Late.xac'...
  + Loading successfully finished
- Trying to load skeletal motion from file 'gfx\anims\static.xsm'...
  + Loading successfully finished
- Trying to load actor from file 'gfx\anims\Chinese_Helmet21.xac'...
  + Loading successfully finished
- Trying to load actor from file 'gfx\anims\Swedish_Infantry2.xac'...
  + Loading successfully finished
- Trying to load skeletal motion from file 'gfx\anims\infantry_idle_3.xsm'...
  + Loading successfully finished
- Trying to load skeletal motion from file 'gfx\anims\infantry_moving.xsm'...
  + Loading successfully finished
- Trying to load skeletal motion from file 'gfx\anims\infantry_attack.xsm'...
  + Loading successfully finished
- Trying to load actor from file 'gfx\anims\Generic_Indian_Infantry2.xac'...
  + Loading successfully finished
- Trying to load skeletal motion from file 'gfx\anims\infantry_idle_3.xsm'...
  + Loading successfully finished
- Trying to load skeletal motion from file 'gfx\anims\infantry_moving.xsm'...
  + Loading successfully finished
- Trying to load skeletal motion from file 'gfx\anims\infantry_attack.xsm'...
  + Loading successfully finished
- Trying to load actor from file 'gfx\anims\Italian_infantry.xac'...
  + Loading successfully finished
- Trying to load skeletal motion from file 'gfx\anims\infantry_idle_3.xsm'...
  + Loading successfully finished
- Trying to load skeletal motion from file 'gfx\anims\infantry_moving.xsm'...
  + Loading successfully finished
- Trying to load skeletal motion from file 'gfx\anims\infantry_attack.xsm'...
  + Loading successfully finished
- Trying to load actor from file 'gfx\anims\Generic_Arab_Helmet21.xac'...
  + Loading successfully finished
- Trying to load actor from file 'gfx\anims\Generic_Arab_Helmet21.xac'...
  + Loading successfully finished
- Trying to load actor from file 'gfx\anims\factory.xac'...
  + Loading successfully finished
- Trying to load skeletal motion from file 'gfx\anims\Factory_Anim.xsm'...
  + Loading successfully finished
- Trying to load actor from file 'gfx\anims\Generic_Asian_Helmet21.xac'...
  + Loading successfully finished
- Trying to load actor from file 'gfx\anims\Prussian_Infantry2.xac'...
  + Loading successfully finished
- Trying to load skeletal motion from file 'gfx\anims\infantry_idle_3.xsm'...
  + Loading successfully finished
- Trying to load skeletal motion from file 'gfx\anims\infantry_moving.xsm'...
  + Loading successfully finished
- Trying to load skeletal motion from file 'gfx\anims\infantry_attack.xsm'...
  + Loading successfully finished
- Trying to load actor from file 'gfx\anims\Navalbase_Early_Empty.xac'...
  + Loading successfully finished
- Trying to load skeletal motion from file 'gfx\anims\Navalbase_Early_Animation.xsm'...
  + Loading successfully finished
- Trying to load actor from file 'gfx\anims\Generic_SA_Helmet1.xac'...
  + Loading successfully finished
- Trying to load actor from file 'gfx\anims\Prussian_Helmet21.xac'...
  + Loading successfully finished
- Trying to load actor from file 'gfx\anims\Port_Full.xac'...
  + Loading successfully finished
- Trying to load skeletal motion from file 'gfx\anims\Port_Animation.xsm'...
The specified file is not a valid EMotion FX motion file!
  + Failed to load skeletal motion from file 'gfx\anims\Port_Animation.xsm'
- Trying to load actor from file 'gfx\anims\French_Helmet21.xac'...
  + Loading successfully finished
- Trying to load actor from file 'gfx\anims\Us_Helmet1.xac'...
  + Loading successfully finished
- Trying to load actor from file 'gfx\anims\Blockade.xac'...
  + Loading successfully finished
- Trying to load skeletal motion from file 'gfx\anims\static.xsm'...
  + Loading successfully finished
- Trying to load actor from file 'gfx\anims\Russian_Helmet1.xac'...
  + Loading successfully finished
- Trying to load actor from file 'gfx\anims\Construction_Military.xac'...
  + Loading successfully finished
- Trying to load skeletal motion from file 'gfx\anims\Construction_Military.xsm'...
  + Loading successfully finished
- Trying to load actor from file 'gfx\anims\Navalbase_Early_Full.xac'...
  + Loading successfully finished
- Trying to load skeletal motion from file 'gfx\anims\Navalbase_Early_Animation.xsm'...
  + Loading successfully finished
- Trying to load actor from file 'gfx\anims\Generic_African_Infantry2.xac'...
  + Loading successfully finished
- Trying to load skeletal motion from file 'gfx\anims\infantry_idle_3.xsm'...
  + Loading successfully finished
- Trying to load skeletal motion from file 'gfx\anims\infantry_moving.xsm'...
  + Loading successfully finished
- Trying to load skeletal motion from file 'gfx\anims\infantry_attack.xsm'...
  + Loading successfully finished
- Trying to load actor from file 'gfx\anims\Spanish_Infantry2.xac'...
  + Loading successfully finished
- Trying to load skeletal motion from file 'gfx\anims\infantry_idle_3.xsm'...
  + Loading successfully finished
- Trying to load skeletal motion from file 'gfx\anims\infantry_moving.xsm'...
  + Loading successfully finished
- Trying to load skeletal motion from file 'gfx\anims\infantry_attack.xsm'...
  + Loading successfully finished
- Trying to load actor from file 'gfx\anims\Chinese_infantry.xac'...
  + Loading successfully finished
- Trying to load skeletal motion from file 'gfx\anims\infantry_idle_3.xsm'...
  + Loading successfully finished
- Trying to load skeletal motion from file 'gfx\anims\infantry_moving.xsm'...
  + Loading successfully finished
- Trying to load skeletal motion from file 'gfx\anims\infantry_attack.xsm'...
  + Loading successfully finished
- Trying to load actor from file 'gfx\anims\Navalbase_Early_Empty.xac'...
  + Loading successfully finished
- Trying to load skeletal motion from file 'gfx\anims\Navalbase_Early_Animation.xsm'...
  + Loading successfully finished
- Trying to load actor from file 'gfx\anims\Generic_SA_Helmet21.xac'...
  + Loading successfully finished
- Trying to load actor from file 'gfx\anims\Generic_Manowar.xac'...
  + Loading successfully finished
- Trying to load skeletal motion from file 'gfx\anims\Generic_Manowar_Anim_Idle.xsm'...
  + Loading successfully finished
- Trying to load skeletal motion from file 'gfx\anims\Generic_Manowar_Anim_Moving.xsm'...
  + Loading successfully finished
- Trying to load skeletal motion from file 'gfx\anims\Generic_Manowar_Anim_Attack.xsm'...
  + Loading successfully finished
- Trying to load actor from file 'gfx\anims\Us_Helmet21.xac'...
  + Loading successfully finished
- Trying to load actor from file 'gfx\anims\Navalbase_Mid_Full.xac'...
  + Loading successfully finished
- Trying to load skeletal motion from file 'gfx\anims\Navalbase_Mid_Animation.xsm'...
  + Loading successfully finished
- Trying to load actor from file 'gfx\anims\Russian_Helmet21.xac'...
  + Loading successfully finished
- Trying to load actor from file 'gfx\anims\Generic_Euro_Infantry2.xac'...
  + Loading successfully finished
- Trying to load skeletal motion from file 'gfx\anims\infantry_idle_3.xsm'...
  + Loading successfully finished
- Trying to load skeletal motion from file 'gfx\anims\infantry_moving.xsm'...
  + Loading successfully finished
- Trying to load skeletal motion from file 'gfx\anims\infantry_attack.xsm'...
  + Loading successfully finished
- Trying to load actor from file 'gfx\anims\Us_Infantry.xac'...
  + Loading successfully finished
- Trying to load skeletal motion from file 'gfx\anims\infantry_idle_3.xsm'...
  + Loading successfully finished
- Trying to load skeletal motion from file 'gfx\anims\infantry_moving.xsm'...
  + Loading successfully finished
- Trying to load skeletal motion from file 'gfx\anims\infantry_attack.xsm'...
  + Loading successfully finished
- Trying to load actor from file 'gfx\anims\generic_euro_infantry.xac'...
  + Loading successfully finished
- Trying to load skeletal motion from file 'gfx\anims\infantry_idle_3.xsm'...
  + Loading successfully finished
- Trying to load skeletal motion from file 'gfx\anims\infantry_moving.xsm'...
  + Loading successfully finished
- Trying to load skeletal motion from file 'gfx\anims\infantry_attack.xsm'...
  + Loading successfully finished
- Trying to load actor from file 'gfx\anims\Japanese_Infantry2.xac'...
  + Loading successfully finished
- Trying to load skeletal motion from file 'gfx\anims\infantry_idle_3.xsm'...
  + Loading successfully finished
- Trying to load skeletal motion from file 'gfx\anims\infantry_moving.xsm'...
  + Loading successfully finished
- Trying to load skeletal motion from file 'gfx\anims\infantry_attack.xsm'...
  + Loading successfully finished
- Trying to load actor from file 'gfx\anims\Swedish_Helmet1.xac'...
  + Loading successfully finished
- Trying to load actor from file 'gfx\anims\Generic_Frigate.xac'...
  + Loading successfully finished
- Trying to load skeletal motion from file 'gfx\anims\Generic_Frigate_Anim_Idle.xsm'...
  + Loading successfully finished
- Trying to load skeletal motion from file 'gfx\anims\Generic_Frigate_Anim_Moving.xsm'...
  + Loading successfully finished
- Trying to load skeletal motion from file 'gfx\anims\Generic_Frigate_Anim_Attack.xsm'...
  + Loading successfully finished
- Trying to load actor from file 'gfx\anims\Zulu_Helmet1.xac'...
  + Loading successfully finished
- Trying to load actor from file 'gfx\anims\british_infantry.xac'...
  + Loading successfully finished
- Trying to load skeletal motion from file 'gfx\anims\infantry_idle_3.xsm'...
  + Loading successfully finished
- Trying to load skeletal motion from file 'gfx\anims\infantry_moving.xsm'...
  + Loading successfully finished
- Trying to load skeletal motion from file 'gfx\anims\infantry_attack.xsm'...
  + Loading successfully finished
- Trying to load actor from file 'gfx\anims\factory.xac'...
  + Loading successfully finished
- Trying to load skeletal motion from file 'gfx\anims\static.xsm'...
  + Loading successfully finished
- Trying to load actor from file 'gfx\anims\Japanese_Infantry.xac'...
  + Loading successfully finished
- Trying to load skeletal motion from file 'gfx\anims\Japanese_idle.xsm'...
  + Loading successfully finished
- Trying to load skeletal motion from file 'gfx\anims\Japanese_moving.xsm'...
  + Loading successfully finished
- Trying to load skeletal motion from file 'gfx\anims\Japanese_Attack.xsm'...
  + Loading successfully finished
- Trying to load actor from file 'gfx\anims\Generic_Transport.xac'...
  + Loading successfully finished
- Trying to load skeletal motion from file 'gfx\anims\Generic_Transport_Anim_Moving.xsm'...
  + Loading successfully finished
- Trying to load skeletal motion from file 'gfx\anims\Generic_Transport_Anim_Moving.xsm'...
  + Loading successfully finished
- Trying to load actor from file 'gfx\anims\Us_Infantry2.xac'...
  + Loading successfully finished
- Trying to load skeletal motion from file 'gfx\anims\infantry_idle_3.xsm'...
  + Loading successfully finished
- Trying to load skeletal motion from file 'gfx\anims\infantry_moving.xsm'...
  + Loading successfully finished
- Trying to load skeletal motion from file 'gfx\anims\infantry_attack.xsm'...
  + Loading successfully finished
- Trying to load actor from file 'gfx\anims\Navalbase_Mid_Empty.xac'...
  + Loading successfully finished
- Trying to load skeletal motion from file 'gfx\anims\Navalbase_Mid_Animationxsm'...
  + Failed open the file for skeletal motion!
- Trying to load actor from file 'gfx\anims\Ottoman_Helmet1.xac'...
  + Loading successfully finished
- Trying to load actor from file 'gfx\anims\AustriaHungery_Infantry.xac'...
  + Loading successfully finished
- Trying to load skeletal motion from file 'gfx\anims\infantry_idle_3.xsm'...
  + Loading successfully finished
- Trying to load skeletal motion from file 'gfx\anims\infantry_moving.xsm'...
  + Loading successfully finished
- Trying to load skeletal motion from file 'gfx\anims\infantry_attack.xsm'...
  + Loading successfully finished
- Trying to load actor from file 'gfx\anims\Us_Monitor.xac'...
  + Loading successfully finished
- Trying to load skeletal motion from file 'gfx\anims\Us_Monitor_Idle.xsm'...
  + Loading successfully finished
- Trying to load skeletal motion from file 'gfx\anims\Us_Monitor_Idle.xsm'...
  + Loading successfully finished
- Trying to load skeletal motion from file 'gfx\anims\Us_Monitor_Idle.xsm'...
  + Loading successfully finished
- Trying to load actor from file 'gfx\anims\capital_bigben.xac'...
  + Loading successfully finished
- Trying to load skeletal motion from file 'gfx\anims\static.xsm'...
  + Loading successfully finished
- Trying to load skeletal motion from file 'gfx\anims\static.xsm'...
  + Loading successfully finished
- Trying to load skeletal motion from file 'gfx\anims\static.xsm'...
  + Loading successfully finished
- Trying to load actor from file 'gfx\anims\Swedish_Helmet21.xac'...
  + Loading successfully finished
- Trying to load actor from file 'gfx\anims\Port_Empty.xac'...
  + Loading successfully finished
- Trying to load skeletal motion from file 'gfx\anims\Port_Animation.xsm'...
The specified file is not a valid EMotion FX motion file!
  + Failed to load skeletal motion from file 'gfx\anims\Port_Animation.xsm'
- Trying to load actor from file 'gfx\anims\Generic_Steamtransport.xac'...
  + Loading successfully finished
- Trying to load skeletal motion from file 'gfx\anims\Generic_Steamtransport_Anim_Idle.xsm'...
  + Loading successfully finished
- Trying to load skeletal motion from file 'gfx\anims\Generic_Steamtransport_Anim_Moving.xsm'...
  + Loading successfully finished
- Trying to load actor from file 'gfx\anims\Generic_Helmet1.xac'...
  + Loading successfully finished
- Trying to load actor from file 'gfx\anims\AustriaHungery_Helmet1.xac'...
  + Loading successfully finished
- Trying to load actor from file 'gfx\anims\Generic_SA_Infantry.xac'...
  + Loading successfully finished
- Trying to load skeletal motion from file 'gfx\anims\infantry_idle_3.xsm'...
  + Loading successfully finished
- Trying to load skeletal motion from file 'gfx\anims\infantry_moving.xsm'...
  + Loading successfully finished
- Trying to load skeletal motion from file 'gfx\anims\infantry_attack.xsm'...
  + Loading successfully finished
- Trying to load actor from file 'gfx\anims\Fort_Early.xac'...
  + Loading successfully finished
- Trying to load skeletal motion from file 'gfx\anims\static.xsm'...
  + Loading successfully finished
- Trying to load actor from file 'gfx\anims\russian_infantry.xac'...
  + Loading successfully finished
- Trying to load skeletal motion from file 'gfx\anims\infantry_idle_3.xsm'...
  + Loading successfully finished
- Trying to load skeletal motion from file 'gfx\anims\infantry_moving.xsm'...
  + Loading successfully finished
- Trying to load skeletal motion from file 'gfx\anims\infantry_attack.xsm'...
  + Loading successfully finished
- Trying to load actor from file 'gfx\anims\Generic_Indian_Helmet1.xac'...
  + Loading successfully finished
- Trying to load actor from file 'gfx\anims\Navalbase_Mid_Empty.xac'...
  + Loading successfully finished
- Trying to load skeletal motion from file 'gfx\anims\Navalbase_Mid_Animationxsm'...
  + Failed open the file for skeletal motion!
- Trying to load actor from file 'gfx\anims\Csa_Infantry.xac'...
  + Loading successfully finished
- Trying to load skeletal motion from file 'gfx\anims\infantry_idle_3.xsm'...
  + Loading successfully finished
- Trying to load skeletal motion from file 'gfx\anims\infantry_moving.xsm'...
  + Loading successfully finished
- Trying to load skeletal motion from file 'gfx\anims\infantry_attack.xsm'...
  + Loading successfully finished
- Trying to load actor from file 'gfx\anims\Swedish_Infantry.xac'...
  + Loading successfully finished
- Trying to load skeletal motion from file 'gfx\anims\infantry_idle_3.xsm'...
  + Loading successfully finished
- Trying to load skeletal motion from file 'gfx\anims\infantry_moving.xsm'...
  + Loading successfully finished
- Trying to load skeletal motion from file 'gfx\anims\infantry_attack.xsm'...
  + Loading successfully finished
- Trying to load actor from file 'gfx\anims\Generic_Dreadnought.xac'...
  + Loading successfully finished
- Trying to load skeletal motion from file 'gfx\anims\General_Dreadnought_Anim_Moving.xsm'...
  + Loading successfully finished
- Trying to load skeletal motion from file 'gfx\anims\General_Dreadnought_Anim_Moving.xsm'...
  + Loading successfully finished
- Trying to load skeletal motion from file 'gfx\anims\General_Dreadnought_Anim_Attack.xsm'...
  + Loading successfully finished
- Trying to load actor from file 'gfx\anims\Generic_Arab_Infantry2.xac'...
  + Loading successfully finished
- Trying to load skeletal motion from file 'gfx\anims\infantry_idle_3.xsm'...
  + Loading successfully finished
- Trying to load skeletal motion from file 'gfx\anims\infantry_moving.xsm'...
  + Loading successfully finished
- Trying to load skeletal motion from file 'gfx\anims\infantry_attack.xsm'...
  + Loading successfully finished
- Trying to load actor from file 'gfx\anims\Navalbase_Early_Full.xac'...
  + Loading successfully finished
- Trying to load skeletal motion from file 'gfx\anims\Navalbase_Early_Animation.xsm'...
  + Loading successfully finished
- Trying to load actor from file 'gfx\anims\Spanish_Infantry.xac'...
  + Loading successfully finished
- Trying to load skeletal motion from file 'gfx\anims\infantry_idle_3.xsm'...
  + Loading successfully finished
- Trying to load skeletal motion from file 'gfx\anims\infantry_moving.xsm'...
  + Loading successfully finished
- Trying to load skeletal motion from file 'gfx\anims\infantry_attack.xsm'...
  + Loading successfully finished
- Trying to load actor from file 'gfx\anims\floating_flag.xac'...
  + Loading successfully finished
- Trying to load skeletal motion from file 'gfx\anims\floating_flag_anim.xsm'...
  + Loading successfully finished
- Trying to load actor from file 'gfx\anims\Prussian_Infantry.xac'...
  + Loading successfully finished
- Trying to load skeletal motion from file 'gfx\anims\infantry_idle_3.xsm'...
  + Loading successfully finished
- Trying to load skeletal motion from file 'gfx\anims\infantry_moving.xsm'...
  + Loading successfully finished
- Trying to load skeletal motion from file 'gfx\anims\infantry_attack.xsm'...
  + Loading successfully finished
- Trying to load actor from file 'gfx\anims\flag.xac'...
  + Loading successfully finished
- Trying to load skeletal motion from file 'gfx\anims\flag_anim.xsm'...
  + Loading successfully finished
- Trying to load actor from file 'gfx\anims\British_Helmet1.xac'...
  + Loading successfully finished
- Trying to load actor from file 'gfx\anims\Generic_African_Helmet21.xac'...
  + Loading successfully finished
- Trying to load actor from file 'gfx\anims\Csa_Helmet1.xac'...
  + Loading successfully finished
- Trying to load actor from file 'gfx\anims\AustriaHungery_Helmet21.xac'...
  + Loading successfully finished
- Trying to load actor from file 'gfx\anims\Fort_Early.xac'...
  + Loading successfully finished
- Trying to load skeletal motion from file 'gfx\anims\static.xsm'...
  + Loading successfully finished
- Trying to load actor from file 'gfx\anims\Japanese_Helmet1.xac'...
  + Loading successfully finished
- Trying to load actor from file 'gfx\anims\Kiel_Canal.xac'...
  + Loading successfully finished
- Trying to load skeletal motion from file 'gfx\anims\static.xsm'...
  + Loading successfully finished
- Trying to load actor from file 'gfx\anims\Construction.xac'...
  + Loading successfully finished
- Trying to load skeletal motion from file 'gfx\anims\Construction_animation.xsm'...
  + Loading successfully finished
- Trying to load actor from file 'gfx\anims\Ottoman_Helmet1.xac'...
  + Loading successfully finished
- Trying to load actor from file 'gfx\anims\Navalbase_Late_Empty.xac'...
  + Loading successfully finished
- Trying to load skeletal motion from file 'gfx\anims\Navalbase_Late_Animation.xsm'...
  + Loading successfully finished
- Trying to load actor from file 'gfx\anims\Generic_SA_Infantry2.xac'...
  + Loading successfully finished
- Trying to load skeletal motion from file 'gfx\anims\infantry_idle_3.xsm'...
  + Loading successfully finished
- Trying to load skeletal motion from file 'gfx\anims\infantry_moving.xsm'...
  + Loading successfully finished
- Trying to load skeletal motion from file 'gfx\anims\infantry_attack.xsm'...
  + Loading successfully finished
- Trying to load actor from file 'gfx\anims\french_infantry.xac'...
  + Loading successfully finished
- Trying to load skeletal motion from file 'gfx\anims\infantry_idle_3.xsm'...
  + Loading successfully finished
- Trying to load skeletal motion from file 'gfx\anims\infantry_moving.xsm'...
  + Loading successfully finished
- Trying to load skeletal motion from file 'gfx\anims\infantry_attack.xsm'...
  + Loading successfully finished
- Trying to load actor from file 'gfx\anims\Shadow_addon.xac'...
  + Loading successfully finished
- Trying to load actor from file 'gfx\anims\Italian_Infantry2.xac'...
  + Loading successfully finished
- Trying to load skeletal motion from file 'gfx\anims\infantry_idle_3.xsm'...
  + Loading successfully finished
- Trying to load skeletal motion from file 'gfx\anims\infantry_moving.xsm'...
  + Loading successfully finished
- Trying to load skeletal motion from file 'gfx\anims\infantry_attack.xsm'...
  + Loading successfully finished
- Trying to load actor from file 'gfx\anims\Russian_Infantry2.xac'...
  + Loading successfully finished
- Trying to load skeletal motion from file 'gfx\anims\infantry_idle_3.xsm'...
  + Loading successfully finished
- Trying to load skeletal motion from file 'gfx\anims\infantry_moving.xsm'...
  + Loading successfully finished
- Trying to load skeletal motion from file 'gfx\anims\infantry_attack.xsm'...
  + Loading successfully finished
- Trying to load actor from file 'gfx\anims\Navalbase_Late_Full.xac'...
  + Loading successfully finished
- Trying to load skeletal motion from file 'gfx\anims\Navalbase_Late_Animation.xsm'...
  + Loading successfully finished
- Trying to load actor from file 'gfx\anims\Generic_Arab_Infantry.xac'...
  + Loading successfully finished
- Trying to load skeletal motion from file 'gfx\anims\infantry_idle_3.xsm'...
  + Loading successfully finished
- Trying to load skeletal motion from file 'gfx\anims\infantry_moving.xsm'...
  + Loading successfully finished
- Trying to load skeletal motion from file 'gfx\anims\infantry_attack.xsm'...
  + Loading successfully finished
- Trying to load actor from file 'gfx\anims\Chinese_infantry2.xac'...
  + Loading successfully finished
- Trying to load skeletal motion from file 'gfx\anims\infantry_idle_3.xsm'...
  + Loading successfully finished
- Trying to load skeletal motion from file 'gfx\anims\infantry_moving.xsm'...
  + Loading successfully finished
- Trying to load skeletal motion from file 'gfx\anims\infantry_attack.xsm'...
  + Loading successfully finished
- Trying to load actor from file 'gfx\anims\Construction_Naval.xac'...
  + Loading successfully finished
- Trying to load skeletal motion from file 'gfx\anims\Construction_animation.xsm'...
  + Loading successfully finished
- Trying to load actor from file 'gfx\anims\Generic_Asian_Infantry.xac'...
  + Loading successfully finished
- Trying to load skeletal motion from file 'gfx\anims\infantry_idle_3.xsm'...
  + Loading successfully finished
- Trying to load skeletal motion from file 'gfx\anims\infantry_moving.xsm'...
  + Loading successfully finished
- Trying to load skeletal motion from file 'gfx\anims\infantry_attack.xsm'...
  + Loading successfully finished
- Trying to load actor from file 'gfx\anims\Generic_Arab_Infantry.xac'...
  + Loading successfully finished
- Trying to load skeletal motion from file 'gfx\anims\infantry_idle_3.xsm'...
  + Loading successfully finished
- Trying to load skeletal motion from file 'gfx\anims\infantry_moving.xsm'...
  + Loading successfully finished
- Trying to load skeletal motion from file 'gfx\anims\infantry_attack.xsm'...
  + Loading successfully finished
- Trying to load actor from file 'gfx\anims\British_Helmet21.xac'...
  + Loading successfully finished
- Trying to load actor from file 'gfx\anims\Generic_African_Helmet1.xac'...
  + Loading successfully finished
- Trying to load actor from file 'gfx\anims\Csa_Helmet21.xac'...
  + Loading successfully finished
- Trying to load actor from file 'gfx\anims\Fort_Mid2.xac'...
  + Loading successfully finished
- Trying to load skeletal motion from file 'gfx\anims\static.xsm'...
  + Loading successfully finished
- Trying to load actor from file 'gfx\anims\Navalbase_Late_Empty.xac'...
  + Loading successfully finished
- Trying to load skeletal motion from file 'gfx\anims\Navalbase_Late_Animation.xsm'...
  + Loading successfully finished
- Trying to load actor from file 'gfx\anims\Zulu_Infantry.xac'...
  + Loading successfully finished
- Trying to load skeletal motion from file 'gfx\anims\Zulu_Idle.xsm'...
  + Loading successfully finished
- Trying to load skeletal motion from file 'gfx\anims\Zulu_Moving.xsm'...
  + Loading successfully finished
- Trying to load skeletal motion from file 'gfx\anims\Zulu_Attack.xsm'...
  + Loading successfully finished
- Trying to load actor from file 'gfx\anims\Zulu_Spear.xac'...
  + Loading successfully finished
- Trying to load actor from file 'gfx\anims\Generic_Arab_Helmet1.xac'...
  + Loading successfully finished
- Trying to load actor from file 'gfx\anims\Generic_Ironclad.xac'...
  + Loading successfully finished
- Trying to load skeletal motion from file 'gfx\anims\Generic_Ironclad_Anim_Idle.xsm'...
  + Loading successfully finished
- Trying to load skeletal motion from file 'gfx\anims\Generic_Ironclad_Anim_Moving.xsm'...
  + Loading successfully finished
- Trying to load skeletal motion from file 'gfx\anims\Generic_Ironclad_Anim_Attack.xsm'...
  + Loading successfully finished
- Trying to load actor from file 'gfx\anims\Ottoman_Infantry2.xac'...
  + Loading successfully finished
- Trying to load skeletal motion from file 'gfx\anims\infantry_idle_3.xsm'...
  + Loading successfully finished
- Trying to load skeletal motion from file 'gfx\anims\infantry_moving.xsm'...
  + Loading successfully finished
- Trying to load skeletal motion from file 'gfx\anims\infantry_attack.xsm'...
  + Loading successfully finished
- Trying to load actor from file 'gfx\anims\Csa_Infantry2.xac'...
  + Loading successfully finished
- Trying to load skeletal motion from file 'gfx\anims\infantry_idle_3.xsm'...
  + Loading successfully finished
- Trying to load skeletal motion from file 'gfx\anims\infantry_moving.xsm'...
  + Loading successfully finished
- Trying to load skeletal motion from file 'gfx\anims\infantry_attack.xsm'...
  + Loading successfully finished
- Trying to load actor from file 'gfx\anims\Suez_Canal.xac'...
  + Loading successfully finished
- Trying to load skeletal motion from file 'gfx\anims\static.xsm'...
  + Loading successfully finished
- Trying to load actor from file 'gfx\anims\Zulu_Shield.xac'...
  + Loading successfully finished
- Trying to load actor from file 'gfx\anims\Infrastructure1.xac'...
  + Loading successfully finished
- Trying to load skeletal motion from file 'gfx\anims\static.xsm'...
  + Loading successfully finished
- Trying to load actor from file 'gfx\anims\Fort_Mid2.xac'...
  + Loading successfully finished
- Trying to load skeletal motion from file 'gfx\anims\static.xsm'...
  + Loading successfully finished
- Trying to load actor from file 'gfx\anims\french_infantry2.xac'...
  + Loading successfully finished
- Trying to load skeletal motion from file 'gfx\anims\infantry_idle_3.xsm'...
  + Loading successfully finished
- Trying to load skeletal motion from file 'gfx\anims\infantry_moving.xsm'...
  + Loading successfully finished
- Trying to load skeletal motion from file 'gfx\anims\infantry_attack.xsm'...
  + Loading successfully finished
- Trying to load actor from file 'gfx\anims\Generic_Raider.xac'...
  + Loading successfully finished
- Trying to load skeletal motion from file 'gfx\anims\Generic_Raider_Anim_Idle.xsm'...
  + Loading successfully finished
- Trying to load skeletal motion from file 'gfx\anims\Generic_Raider_Anim_Moving.xsm'...
  + Loading successfully finished
- Trying to load skeletal motion from file 'gfx\anims\Generic_Raider_Anim_Attack.xsm'...
  + Loading successfully finished
