[map.cpp:1912]: To large province 2716
[map.cpp:1912]: To large province 2718
[map.cpp:1912]: To large province 2840
[map.cpp:1912]: To large province 2883
[map.cpp:1912]: To large province 2884
[map.cpp:1912]: To large province 2885
[map.cpp:1912]: To large province 2888
[map.cpp:1912]: To large province 2891
[map.cpp:1912]: To large province 2893
[map.cpp:1912]: To large province 2901
[map.cpp:1912]: To large province 2903
[map.cpp:1912]: To large province 2907
[map.cpp:1912]: To large province 2908
[map.cpp:1912]: To large province 2913
[map.cpp:1912]: To large province 2914
[map.cpp:1912]: To large province 2915
[map.cpp:1912]: To large province 2916
[map.cpp:1912]: To large province 2924
[map.cpp:1912]: To large province 2927
[map.cpp:1912]: To large province 2928
[map.cpp:1912]: To large province 2929
[map.cpp:1912]: To large province 2933
[map.cpp:1912]: To large province 2934
[map.cpp:1912]: To large province 2937
[map.cpp:1912]: To large province 2951
[map.cpp:1912]: To large province 3011
[map.cpp:1912]: To large province 3012
[map.cpp:1912]: To large province 3013
[map.cpp:1912]: To large province 3017
[map.cpp:1912]: To large province 3018
[map.cpp:1912]: To large province 3032
[map.cpp:1912]: To large province 3033
[map.cpp:1912]: To large province 3038
[map.cpp:1912]: To large province 3039
[map.cpp:1912]: To large province 3041
[map.cpp:1912]: To large province 3042
[map.cpp:1912]: To large province 3043
[map.cpp:1912]: To large province 3045
[map.cpp:1912]: To large province 3046
[map.cpp:1912]: To large province 3055
[map.cpp:1912]: To large province 3056
[map.cpp:1912]: To large province 3057
[map.cpp:1912]: To large province 3058
[map.cpp:1912]: To large province 3059
[map.cpp:1912]: To large province 3060
[map.cpp:1912]: To large province 3061
[map.cpp:1912]: To large province 3062
[map.cpp:1912]: To large province 3063
[map.cpp:1912]: To large province 3070
[map.cpp:1912]: To large province 3071
[map.cpp:1912]: To large province 3074
[map.cpp:1912]: To large province 3078
[map.cpp:1912]: To large province 3079
[map.cpp:1912]: To large province 3080
[map.cpp:1912]: To large province 3081
[map.cpp:1912]: To large province 3082
[map.cpp:1912]: To large province 3083
[map.cpp:1912]: To large province 3084
[map.cpp:1912]: To large province 3085
[map.cpp:1912]: To large province 3086
[map.cpp:1912]: To large province 3087
[map.cpp:1912]: To large province 3089
[map.cpp:1912]: To large province 3090
[map.cpp:1912]: To large province 3093
[map.cpp:1912]: To large province 3098
[map.cpp:1912]: To large province 3099
[map.cpp:1912]: To large province 3100
[map.cpp:1912]: To large province 3111
[map.cpp:1912]: To large province 3119
[map.cpp:1912]: To large province 3120
[map.cpp:1912]: To large province 3122
[map.cpp:1912]: To large province 3123
[map.cpp:1912]: To large province 3124
[map.cpp:1912]: To large province 3125
[map.cpp:1912]: To large province 3126
[map.cpp:1912]: To large province 3128
[map.cpp:1912]: To large province 3129
[map.cpp:1912]: To large province 3135
[map.cpp:1912]: To large province 3137
[map.cpp:1912]: To large province 3138
[map.cpp:1912]: To large province 3139
[map.cpp:1912]: To large province 3140
[map.cpp:1912]: To large province 3141
[map.cpp:1912]: To large province 3142
[map.cpp:1912]: To large province 3143
[map.cpp:1912]: To large province 3144
[map.cpp:1912]: To large province 3145
[map.cpp:1912]: To large province 3146
[map.cpp:1912]: To large province 3147
[map.cpp:1912]: To large province 3149
[map.cpp:1912]: To large province 3150
[map.cpp:1912]: To large province 3151
[map.cpp:1912]: To large province 3152
[map.cpp:1912]: To large province 3153
[map.cpp:1912]: To large province 3156
[map.cpp:1912]: To large province 3158
[map.cpp:1912]: To large province 3159
[map.cpp:1912]: To large province 3160
[map.cpp:1912]: To large province 3161
[map.cpp:1912]: To large province 3162
[map.cpp:1912]: To large province 3163
[map.cpp:1912]: To large province 3164
[map.cpp:1912]: To large province 3165
[map.cpp:1912]: To large province 3166
[map.cpp:1912]: To large province 3167
[map.cpp:1912]: To large province 3168
[map.cpp:1912]: To large province 3169
[map.cpp:1912]: To large province 3170
[map.cpp:1912]: To large province 3171
[map.cpp:1912]: To large province 3172
[map.cpp:1912]: To large province 3173
[map.cpp:1912]: To large province 3174
[map.cpp:1912]: To large province 3175
[map.cpp:1912]: To large province 3176
[map.cpp:1912]: To large province 3177
[map.cpp:1912]: To large province 3178
[map.cpp:1912]: To large province 3179
[map.cpp:1912]: To large province 3180
[map.cpp:1912]: To large province 3181
[map.cpp:1912]: To large province 3182
[map.cpp:1912]: To large province 3183
[map.cpp:1912]: To large province 3184
[map.cpp:1912]: To large province 3185
[map.cpp:1912]: To large province 3186
[map.cpp:1912]: To large province 3187
[map.cpp:1912]: To large province 3188
[map.cpp:1912]: To large province 3189
[map.cpp:1912]: To large province 3190
[map.cpp:1912]: To large province 3191
[map.cpp:1912]: To large province 3193
[map.cpp:1912]: To large province 3194
[map.cpp:1912]: To large province 3196
[map.cpp:1912]: To large province 3197
[map.cpp:1912]: To large province 3199
[map.cpp:1912]: To large province 3200
[map.cpp:1912]: To large province 3201
[map.cpp:1912]: To large province 3202
[map.cpp:1912]: To large province 3203
[map.cpp:1912]: To large province 3207
[map.cpp:1912]: To large province 3221
[map.cpp:1912]: To large province 3222
[map.cpp:1912]: To large province 3237
[map.cpp:1912]: To large province 3242
[map.cpp:1912]: To large province 3243
[map.cpp:1912]: To large province 3244
[map.cpp:1912]: To large province 3245
[provincetemplate.cpp:490]: ERROR: unit point: 3009 1579 of province 613 lies in 599
[provincetemplate.cpp:490]: ERROR: unit point: 3009 1579 of province 613 lies in 599
[provincetemplate.cpp:476]: ERROR: unit point: 3009 1579 of province 613 lies in 599
[provincetemplate.cpp:490]: ERROR: unit point: 3009 1579 of province 613 lies in 599
[provincetemplate.cpp:490]: ERROR: unit point: 3009 1579 of province 613 lies in 599
[provincetemplate.cpp:490]: ERROR: unit point: 3009 1579 of province 613 lies in 599
[provincetemplate.cpp:490]: ERROR: unit point: 3009 1579 of province 613 lies in 599
[provincetemplate.cpp:476]: ERROR: unit point: 4942 1377 of province 1646 lies in 1648
[provincetemplate.cpp:490]: ERROR: unit point: 4942 1377 of province 1646 lies in 1648
[provincetemplate.cpp:490]: ERROR: unit point: 4942 1377 of province 1646 lies in 1648
[provincetemplate.cpp:490]: ERROR: unit point: 4942 1377 of province 1646 lies in 1648
[provincetemplate.cpp:490]: ERROR: unit point: 2673 842 of province 1888 lies in 1891
[provincetemplate.cpp:476]: ERROR: unit point: 2673 842 of province 1888 lies in 1891
[provincetemplate.cpp:490]: ERROR: unit point: 2673 842 of province 1888 lies in 1891
[provincetemplate.cpp:490]: ERROR: unit point: 2673 842 of province 1888 lies in 1891
[provincetemplate.cpp:476]: ERROR: unit point: 1800 1254 of province 2226 lies in 2976
[provincetemplate.cpp:490]: ERROR: unit point: 4942 1377 of province 1646 lies in 1648
[provincetemplate.cpp:490]: ERROR: unit point: 2673 842 of province 1888 lies in 1891
[provincetemplate.cpp:490]: ERROR: unit point: 1800 1254 of province 2226 lies in 2976
[provincetemplate.cpp:490]: ERROR: unit point: 1800 1254 of province 2226 lies in 2976
[flagtexturemap.cpp:184]: Missing flag file gfx/flags/REB_republic.tga
[flagtexturemap.cpp:184]: Missing flag file gfx/flags/REB_republic.tga
[flagtexturemap.cpp:184]: Missing flag file gfx/flags/REB_fascist.tga
[provincemanager_mesh.cpp:1908]: To many corners in province 2300
[provincemanager_mesh.cpp:1908]: To many corners in province 1591
[provincemanager_mesh.cpp:1908]: To many corners in province 1508
[provincemanager_mesh.cpp:1908]: To many corners in province 136
[provincemanager_mesh.cpp:1908]: To many corners in province 88
[provincemanager_mesh.cpp:1908]: To many corners in province 88
[provincemanager_mesh.cpp:1908]: To many corners in province 148
[provincemanager_mesh.cpp:1908]: To many corners in province 618
[provincemanager_mesh.cpp:1908]: To many corners in province 597
[provincemanager_mesh.cpp:1908]: To many corners in province 705
[provincemanager_mesh.cpp:1908]: To many corners in province 582
[provincemanager_mesh.cpp:1908]: To many corners in province 1001
[provincemanager_mesh.cpp:1908]: To many corners in province 59
[provincemanager_mesh.cpp:1908]: To many corners in province 59
[provincemanager_mesh.cpp:1908]: To many corners in province 59
[provincemanager_mesh.cpp:1908]: To many corners in province 59
[provincemanager_mesh.cpp:1908]: To many corners in province 59
[provincemanager_mesh.cpp:1908]: To many corners in province 59
[provincemanager_mesh.cpp:1908]: To many corners in province 11
