[internationalizedtext.cpp:1143]: Text-log for language: ENGLISH

[internationalizedtext.cpp:1159]: Duplicate text-key "TOPBAR_DEC_SPEED".
[internationalizedtext.cpp:1159]: Duplicate text-key "BE_INVENT".
[internationalizedtext.cpp:1183]: Empty key "" found.
[internationalizedtext.cpp:1183]: Empty key "" found.
[internationalizedtext.cpp:1183]: Empty key "" found.
[internationalizedtext.cpp:1183]: Empty key "" found.
[internationalizedtext.cpp:1183]: Empty key "" found.
[internationalizedtext.cpp:1183]: Empty key "" found.
[internationalizedtext.cpp:1183]: Empty key "" found.
[internationalizedtext.cpp:1183]: Empty key "" found.
[internationalizedtext.cpp:1159]: Duplicate text-key "POP_DETAILS_EXPENSES".
[internationalizedtext.cpp:1159]: Duplicate text-key "PRODUCTION_NOT_DESTROY_FACTORY_BECAUSE_TOOLTIP".
[internationalizedtext.cpp:1159]: Duplicate text-key "PROCEED".
[internationalizedtext.cpp:1159]: Duplicate text-key "TRADE_CONFIRM_DESC".
[internationalizedtext.cpp:1159]: Duplicate text-key "BAV_proletarian_dictatorship".
[internationalizedtext.cpp:1159]: Duplicate text-key "BREAKCOUNTRY_SETUP".
[internationalizedtext.cpp:1159]: Duplicate text-key "BREAKCOUNTRY_HEADER".
[internationalizedtext.cpp:1159]: Duplicate text-key "BREAKCOUNTRY_1".
[internationalizedtext.cpp:1159]: Duplicate text-key "BREAKCOUNTRY_2".
[internationalizedtext.cpp:1159]: Duplicate text-key "BREAKCOUNTRY_3".
[internationalizedtext.cpp:1159]: Duplicate text-key "BREAKCOUNTRY_4".
[internationalizedtext.cpp:1159]: Duplicate text-key "BREAKCOUNTRY_5".
[internationalizedtext.cpp:1159]: Duplicate text-key "BREAKCOUNTRY_6".
[internationalizedtext.cpp:1159]: Duplicate text-key "BREAKCOUNTRY_LOG".
[internationalizedtext.cpp:1159]: Duplicate text-key "BREAKCOUNTRY_BTN1".
[internationalizedtext.cpp:1159]: Duplicate text-key "BREAKCOUNTRY_BTN2".
[internationalizedtext.cpp:1159]: Duplicate text-key "BREAKCOUNTRY_BTN3".
[internationalizedtext.cpp:1159]: Duplicate text-key "BREAKCOUNTRY_MAP".
[internationalizedtext.cpp:1159]: Duplicate text-key "BREAKCOUNTRYOTHER_SETUP".
[internationalizedtext.cpp:1159]: Duplicate text-key "BREAKCOUNTRYOTHER_HEADER".
[internationalizedtext.cpp:1159]: Duplicate text-key "BREAKCOUNTRYOTHER_1".
[internationalizedtext.cpp:1159]: Duplicate text-key "BREAKCOUNTRYOTHER_2".
[internationalizedtext.cpp:1159]: Duplicate text-key "BREAKCOUNTRYOTHER_3".
[internationalizedtext.cpp:1159]: Duplicate text-key "BREAKCOUNTRYOTHER_4".
[internationalizedtext.cpp:1159]: Duplicate text-key "BREAKCOUNTRYOTHER_5".
[internationalizedtext.cpp:1159]: Duplicate text-key "BREAKCOUNTRYOTHER_6".
[internationalizedtext.cpp:1159]: Duplicate text-key "BREAKCOUNTRYOTHER_LOG".
[internationalizedtext.cpp:1159]: Duplicate text-key "BREAKCOUNTRYOTHER_BTN1".
[internationalizedtext.cpp:1159]: Duplicate text-key "BREAKCOUNTRYOTHER_BTN2".
[internationalizedtext.cpp:1159]: Duplicate text-key "BREAKCOUNTRYOTHER_BTN3".
[internationalizedtext.cpp:1159]: Duplicate text-key "BREAKCOUNTRYOTHER_MAP".
[internationalizedtext.cpp:1159]: Duplicate text-key "POP_WANT_BOUGHT".
[internationalizedtext.cpp:1159]: Duplicate text-key "great_depression".
[internationalizedtext.cpp:1159]: Duplicate text-key "REMOVE_BUDGET_DIPL_DESC".
[internationalizedtext.cpp:1159]: Duplicate text-key "BUDGET_DIPL_DESC".
[internationalizedtext.cpp:1159]: Duplicate text-key "MILITARY_SORT_BY_NAME_TOOLTIP".
[internationalizedtext.cpp:1159]: Duplicate text-key "PRODUCTION_FACTORY_EMPLOYEECOUNT_TOOLTIP2".
[internationalizedtext.cpp:1159]: Duplicate text-key "SXI_anarcho_liberal".
[internationalizedtext.cpp:1159]: Duplicate text-key "crown_empress_of_india_desc".
[internationalizedtext.cpp:1159]: Duplicate text-key "POP_DETAILS_POPCHANGES".
[internationalizedtext.cpp:1159]: Duplicate text-key "TRIGGER_STATE".
[internationalizedtext.cpp:1159]: Duplicate text-key "switch_to_industry_tech_desc".
[internationalizedtext.cpp:1159]: Duplicate text-key "WAR_THEY_ACCEPT_SETUP".
[internationalizedtext.cpp:1159]: Duplicate text-key "WAR_WE_ACCEPT_SETUP".
[internationalizedtext.cpp:1159]: Duplicate text-key "WAR_OTHER_ACCEPT_SETUP".
[internationalizedtext.cpp:1159]: Duplicate text-key "die_wacht_am_rhein_desc".
[internationalizedtext.cpp:1159]: Duplicate text-key "HAVE_LESS_DIPLOMATIC_INFLUENCE".
[internationalizedtext.cpp:1159]: Duplicate text-key "REMOVE_tut_7b_8".
[internationalizedtext.cpp:1159]: Duplicate text-key "tut_3c_12".
[internationalizedtext.cpp:1159]: Duplicate text-key "LEDGER_HEADER_RANK".
[internationalizedtext.cpp:1183]: Empty key "BUDGET_TAX_POOR_DESC" found.
[internationalizedtext.cpp:1183]: Empty key "BUDGET_TAX_MIDDLE_DESC" found.
[internationalizedtext.cpp:1183]: Empty key "BUDGET_TAX_RICH_DESC" found.
[internationalizedtext.cpp:1183]: Empty key "BUDGET_GOLD_DESC" found.
[internationalizedtext.cpp:1183]: Empty key "BUDGET_MIL_COST_DESC" found.
[internationalizedtext.cpp:1183]: Empty key "BUDGET_NAT_STOCK_DESC" found.
[internationalizedtext.cpp:1183]: Empty key "BUDGET_IND_SUP_DESC" found.
[internationalizedtext.cpp:1183]: Empty key "BUDGET_EDUCATION_DESC" found.
[internationalizedtext.cpp:1183]: Empty key "BUDGET_ADMIN_DESC" found.
[internationalizedtext.cpp:1183]: Empty key "BUDGET_SOCIAL_SPEND_DESC" found.
[internationalizedtext.cpp:1183]: Empty key "BUDGET_MIL_SPEND_DESC" found.
[internationalizedtext.cpp:1183]: Empty key "BUDGET_TARIFF_DESC" found.
[internationalizedtext.cpp:1183]: Empty key "BUDGET_TOTAL_FUNDS_DESC" found.
[internationalizedtext.cpp:1183]: Empty key "BUDGET_BALANCE_DESC" found.
[internationalizedtext.cpp:1183]: Empty key "BUDGET_DEBT_DESC" found.
[internationalizedtext.cpp:1183]: Empty key "BUDGET_NATIONAL_BANK_DESC" found.
[internationalizedtext.cpp:1183]: Empty key "BUDGET_INTEREST_DESC" found.
[internationalizedtext.cpp:1159]: Duplicate text-key "FE_MILITARY".
[internationalizedtext.cpp:1159]: Duplicate text-key "FE_ALLIES".
[internationalizedtext.cpp:1159]: Duplicate text-key "MS_USERNAME".
[internationalizedtext.cpp:1159]: Duplicate text-key "engineer".
[internationalizedtext.cpp:1159]: Duplicate text-key "fort".
[internationalizedtext.cpp:1159]: Duplicate text-key "OK".
[internationalizedtext.cpp:1159]: Duplicate text-key "CANCEL".
[internationalizedtext.cpp:1159]: Duplicate text-key "revanchism".
[internationalizedtext.cpp:1183]: Empty key "xxxx" found.
[internationalizedtext.cpp:1159]: Duplicate text-key "british".
[internationalizedtext.cpp:1159]: Duplicate text-key "DIPLOMACY_ALREADY_IN_WAR".
[internationalizedtext.cpp:1159]: Duplicate text-key "DIPLOMACY_JOIN_WAR".
[internationalizedtext.cpp:1159]: Duplicate text-key "MILITARY_MORALE_TOOLTIP".
[internationalizedtext.cpp:1183]: Empty key "PRODUCTION_EFFICIENCY_TOOLTIP" found.
[internationalizedtext.cpp:1159]: Duplicate text-key "WARSUBSIDIES_DESC".
[internationalizedtext.cpp:1159]: Duplicate text-key "GUNBOATTITLE".
[internationalizedtext.cpp:1159]: Duplicate text-key "ALLIANCE_THEY_ACCEPT_SETUP".
[internationalizedtext.cpp:1159]: Duplicate text-key "ALLIANCE_WE_ACCEPT_SETUP".
[internationalizedtext.cpp:1159]: Duplicate text-key "ALLIANCE_OTHER_ACCEPT_SETUP".
[internationalizedtext.cpp:1159]: Duplicate text-key "ALLIANCE_OTHER_ACCEPT_LOG".
[internationalizedtext.cpp:1159]: Duplicate text-key "ALLIANCE_THEY_DECLINE_SETUP".
[internationalizedtext.cpp:1159]: Duplicate text-key "ALLIANCE_WE_DECLINE_SETUP".
[internationalizedtext.cpp:1159]: Duplicate text-key "ALLIANCE_OTHER_DECLINE_SETUP".
[internationalizedtext.cpp:1159]: Duplicate text-key "CANCELALLIANCE_THEY_ACCEPT_SETUP".
[internationalizedtext.cpp:1159]: Duplicate text-key "CANCELALLIANCE_WE_ACCEPT_SETUP".
[internationalizedtext.cpp:1159]: Duplicate text-key "CANCELALLIANCE_OTHER_ACCEPT_SETUP".
[internationalizedtext.cpp:1183]: Empty key "REMOVE_DECREASERELATION_THEY_ACCEPT_6" found.
[internationalizedtext.cpp:1159]: Duplicate text-key "WAR_THEY_ACCEPT_SETUP".
[internationalizedtext.cpp:1159]: Duplicate text-key "WAR_THEY_ACCEPT_HEADER".
[internationalizedtext.cpp:1159]: Duplicate text-key "WAR_THEY_ACCEPT_1".
[internationalizedtext.cpp:1159]: Duplicate text-key "WAR_THEY_ACCEPT_2".
[internationalizedtext.cpp:1159]: Duplicate text-key "WAR_THEY_ACCEPT_3".
[internationalizedtext.cpp:1159]: Duplicate text-key "WAR_THEY_ACCEPT_4".
[internationalizedtext.cpp:1159]: Duplicate text-key "WAR_THEY_ACCEPT_5".
[internationalizedtext.cpp:1159]: Duplicate text-key "WAR_THEY_ACCEPT_6".
[internationalizedtext.cpp:1159]: Duplicate text-key "WAR_THEY_ACCEPT_BTN1".
[internationalizedtext.cpp:1159]: Duplicate text-key "WAR_THEY_ACCEPT_BTN2".
[internationalizedtext.cpp:1159]: Duplicate text-key "WAR_THEY_ACCEPT_BTN3".
[internationalizedtext.cpp:1159]: Duplicate text-key "WAR_THEY_ACCEPT_LOG".
[internationalizedtext.cpp:1159]: Duplicate text-key "WAR_WE_ACCEPT_SETUP".
[internationalizedtext.cpp:1159]: Duplicate text-key "WAR_WE_ACCEPT_HEADER".
[internationalizedtext.cpp:1159]: Duplicate text-key "WAR_WE_ACCEPT_1".
[internationalizedtext.cpp:1159]: Duplicate text-key "WAR_WE_ACCEPT_2".
[internationalizedtext.cpp:1159]: Duplicate text-key "WAR_WE_ACCEPT_3".
[internationalizedtext.cpp:1159]: Duplicate text-key "WAR_WE_ACCEPT_4".
[internationalizedtext.cpp:1159]: Duplicate text-key "WAR_WE_ACCEPT_5".
[internationalizedtext.cpp:1159]: Duplicate text-key "WAR_WE_ACCEPT_6".
[internationalizedtext.cpp:1159]: Duplicate text-key "WAR_WE_ACCEPT_BTN1".
[internationalizedtext.cpp:1159]: Duplicate text-key "WAR_WE_ACCEPT_BTN2".
[internationalizedtext.cpp:1159]: Duplicate text-key "WAR_WE_ACCEPT_BTN3".
[internationalizedtext.cpp:1159]: Duplicate text-key "WAR_WE_ACCEPT_LOG".
[internationalizedtext.cpp:1159]: Duplicate text-key "WAR_OTHER_ACCEPT_SETUP".
[internationalizedtext.cpp:1159]: Duplicate text-key "WAR_OTHER_ACCEPT_HEADER".
[internationalizedtext.cpp:1159]: Duplicate text-key "WAR_OTHER_ACCEPT_1".
[internationalizedtext.cpp:1159]: Duplicate text-key "WAR_OTHER_ACCEPT_2".
[internationalizedtext.cpp:1159]: Duplicate text-key "WAR_OTHER_ACCEPT_3".
[internationalizedtext.cpp:1159]: Duplicate text-key "WAR_OTHER_ACCEPT_4".
[internationalizedtext.cpp:1159]: Duplicate text-key "WAR_OTHER_ACCEPT_5".
[internationalizedtext.cpp:1159]: Duplicate text-key "WAR_OTHER_ACCEPT_6".
[internationalizedtext.cpp:1159]: Duplicate text-key "WAR_OTHER_ACCEPT_BTN1".
[internationalizedtext.cpp:1159]: Duplicate text-key "WAR_OTHER_ACCEPT_BTN2".
[internationalizedtext.cpp:1159]: Duplicate text-key "WAR_OTHER_ACCEPT_BTN3".
[internationalizedtext.cpp:1159]: Duplicate text-key "WAR_OTHER_ACCEPT_LOG".
[internationalizedtext.cpp:1159]: Duplicate text-key "PEACE_WE_ACCEPT_SETUP".
[internationalizedtext.cpp:1159]: Duplicate text-key "PEACE_THEY_ACCEPT_SETUP".
[internationalizedtext.cpp:1159]: Duplicate text-key "PEACE_OTHER_ACCEPT_SETUP".
[internationalizedtext.cpp:1159]: Duplicate text-key "PEACE_WE_DECLINE_SETUP".
[internationalizedtext.cpp:1159]: Duplicate text-key "PEACE_THEY_DECLINE_SETUP".
[internationalizedtext.cpp:1159]: Duplicate text-key "PEACE_OTHER_DECLINE_SETUP".
[internationalizedtext.cpp:1159]: Duplicate text-key "INTERVENTION_OUR_SIDE_SETUP".
[internationalizedtext.cpp:1159]: Duplicate text-key "INTERVENTION_THEIR_SIDE_SETUP".
[internationalizedtext.cpp:1159]: Duplicate text-key "INTERVENTION_OTHER_SIDE_SETUP".
[internationalizedtext.cpp:1159]: Duplicate text-key "WE_INTERVENED_SETUP".
[internationalizedtext.cpp:1159]: Duplicate text-key "GUNBOAT_WE_ACCEPT_SETUP".
[internationalizedtext.cpp:1159]: Duplicate text-key "GUNBOAT_THEY_ACCEPT_SETUP".
[internationalizedtext.cpp:1183]: Empty key "GUNBOAT_THEY_ACCEPT_LOG" found.
[internationalizedtext.cpp:1159]: Duplicate text-key "GUNBOAT_OTHER_ACCEPT_SETUP".
[internationalizedtext.cpp:1183]: Empty key "GUNBOAT_OTHER_ACCEPT_LOG" found.
[internationalizedtext.cpp:1159]: Duplicate text-key "ADM_DESC".
[internationalizedtext.cpp:1183]: Empty key "REMOVE_desc_suffragette_movements" found.
[internationalizedtext.cpp:1159]: Duplicate text-key "desc_trade_union".
[internationalizedtext.cpp:1159]: Duplicate text-key "western_influences".
[internationalizedtext.cpp:1159]: Duplicate text-key "EVTOPTA30000".
[internationalizedtext.cpp:1159]: Duplicate text-key "EVTNAME13350".
[internationalizedtext.cpp:1159]: Duplicate text-key "EVTDESC13350".
[internationalizedtext.cpp:1159]: Duplicate text-key "EVTOPTA13350".
[internationalizedtext.cpp:1159]: Duplicate text-key "EVTNAME14000".
[internationalizedtext.cpp:1159]: Duplicate text-key "EVTNAME14000_sub".
[internationalizedtext.cpp:1159]: Duplicate text-key "EVTDESC14000".
[internationalizedtext.cpp:1159]: Duplicate text-key "EVTOPTA14000".
[internationalizedtext.cpp:1159]: Duplicate text-key "EVTOPTB14000".
[internationalizedtext.cpp:1159]: Duplicate text-key "EVTOPTC14000".
[internationalizedtext.cpp:1159]: Duplicate text-key "EVTOPTD14000".
[internationalizedtext.cpp:1159]: Duplicate text-key "EVTOPTE14000".
[internationalizedtext.cpp:1159]: Duplicate text-key "REMOVE_EVTNAME14040".
[internationalizedtext.cpp:1159]: Duplicate text-key "EVTDESC17510".
[internationalizedtext.cpp:1159]: Duplicate text-key "EVTNAME17700".
[internationalizedtext.cpp:1159]: Duplicate text-key "EVTDESC17700".
[internationalizedtext.cpp:1159]: Duplicate text-key "EVTOPTA17700".
[internationalizedtext.cpp:1159]: Duplicate text-key "EVTOPTB17700".
[internationalizedtext.cpp:1159]: Duplicate text-key "EVTOPTB36617".
[internationalizedtext.cpp:1159]: Duplicate text-key "EVTOPTB38502".
[internationalizedtext.cpp:1159]: Duplicate text-key "EVTOPTA36209".
[internationalizedtext.cpp:1159]: Duplicate text-key "artillery".
[internationalizedtext.cpp:1159]: Duplicate text-key "LOG_SETTING_POPUP".
[internationalizedtext.cpp:1159]: Duplicate text-key "MODIFIER_RESEARCH_POINTS_MODIFIER".
[internationalizedtext.cpp:1159]: Duplicate text-key "MODIFIER_POP_MILITANCY_MODIFIER".
[internationalizedtext.cpp:1159]: Duplicate text-key "ENROUTE".
[internationalizedtext.cpp:1159]: Duplicate text-key "ACT_NO_SELF".
[internationalizedtext.cpp:1159]: Duplicate text-key "SUBJECT".
[internationalizedtext.cpp:1159]: Duplicate text-key "NOT_BROKEN".
[internationalizedtext.cpp:1159]: Duplicate text-key "FROM_TECHNOLOGY".
[internationalizedtext.cpp:1159]: Duplicate text-key "IS_NOT_OVERSEAS".
[internationalizedtext.cpp:1159]: Duplicate text-key "IS_OVERSEAS".
[internationalizedtext.cpp:1159]: Duplicate text-key "OL_NAVAL_COMBAT".
[internationalizedtext.cpp:1159]: Duplicate text-key "MEW_fascist".
[internationalizedtext.cpp:1159]: Duplicate text-key "TRA_socialist".
[internationalizedtext.cpp:1159]: Duplicate text-key "TRA_communist".
[internationalizedtext.cpp:1159]: Duplicate text-key "TRA_fascist".
[internationalizedtext.cpp:1159]: Duplicate text-key "fascist".
[internationalizedtext.cpp:1159]: Duplicate text-key "reactionary".
[internationalizedtext.cpp:1159]: Duplicate text-key "conservative".
[internationalizedtext.cpp:1159]: Duplicate text-key "socialist".
[internationalizedtext.cpp:1159]: Duplicate text-key "communist".
[internationalizedtext.cpp:1159]: Duplicate text-key "liberal".
[internationalizedtext.cpp:1159]: Duplicate text-key "anarcho_liberal".
[internationalizedtext.cpp:1159]: Duplicate text-key "REMOVE_NO_DEMOTION".
[internationalizedtext.cpp:1159]: Duplicate text-key "MILITARY_SPENDING".
[internationalizedtext.cpp:1159]: Duplicate text-key "WORKFORCE_DISTTITLE".
[internationalizedtext.cpp:1159]: Duplicate text-key "RELIGION_DISTTITLE".
[internationalizedtext.cpp:1159]: Duplicate text-key "IDEOLOGY_DISTTITLE".
[internationalizedtext.cpp:1159]: Duplicate text-key "NATIONALITY_DISTTITLE".
[internationalizedtext.cpp:1159]: Duplicate text-key "DOMINANT_ISSUES_DISTTITLE".
[internationalizedtext.cpp:1159]: Duplicate text-key "SECONDARY_ISSUES_DISTTITLE".
[internationalizedtext.cpp:1159]: Duplicate text-key "soldiers".
[internationalizedtext.cpp:1159]: Duplicate text-key "PV_REVOLTRISK".
[internationalizedtext.cpp:1159]: Duplicate text-key "NONE".
[internationalizedtext.cpp:1159]: Duplicate text-key "RULE_BUILD_FACTORY".
[internationalizedtext.cpp:1159]: Duplicate text-key "RULE_EXPAND_FACTORY".
[internationalizedtext.cpp:1159]: Duplicate text-key "REMOVE_RULE_OPEN_FACTORY".
[internationalizedtext.cpp:1159]: Duplicate text-key "REMOVE_RULE_CLOSE_FACTORY".
[internationalizedtext.cpp:1159]: Duplicate text-key "RULE_BUILD_RAILWAY".
[internationalizedtext.cpp:1159]: Duplicate text-key "RULE_FACTORY_PRIORITY".
[internationalizedtext.cpp:1159]: Duplicate text-key "RULE_CAN_SUBSIDISE".
[internationalizedtext.cpp:1159]: Duplicate text-key "RULE_POP_EXPAND_FACTORY".
[internationalizedtext.cpp:1159]: Duplicate text-key "RULE_POP_OPEN_FACTORY".
[internationalizedtext.cpp:1159]: Duplicate text-key "RULE_DELETE_FACTORY_IF_NO_INPUT".
[internationalizedtext.cpp:1159]: Duplicate text-key "RULE_PRIMARY_CULTURE_VOTING".
[internationalizedtext.cpp:1159]: Duplicate text-key "RULE_CULTURE_VOTING".
[internationalizedtext.cpp:1159]: Duplicate text-key "RULE_ALL_VOTING".
[internationalizedtext.cpp:1159]: Duplicate text-key "RULE_LARGEST_SHARE".
[internationalizedtext.cpp:1159]: Duplicate text-key "RULE_DHONT".
[internationalizedtext.cpp:1159]: Duplicate text-key "RULE_SAINTE_LAQUE".
[internationalizedtext.cpp:1159]: Duplicate text-key "manifest_destiny_desc".
[internationalizedtext.cpp:1159]: Duplicate text-key "revanchism".
[internationalizedtext.cpp:1159]: Duplicate text-key "revanchism_desc".
[internationalizedtext.cpp:1159]: Duplicate text-key "womens_suffrage_movement".
[internationalizedtext.cpp:1159]: Duplicate text-key "steel_factory".
[internationalizedtext.cpp:1159]: Duplicate text-key "cement_factory".
[internationalizedtext.cpp:1159]: Duplicate text-key "glass_factory".
[internationalizedtext.cpp:1159]: Duplicate text-key "fuel_refinery".
[internationalizedtext.cpp:1159]: Duplicate text-key "ammunition_factory".
[internationalizedtext.cpp:1159]: Duplicate text-key "small_arms_factory".
[internationalizedtext.cpp:1159]: Duplicate text-key "artillery_factory".
[internationalizedtext.cpp:1159]: Duplicate text-key "barrel_factory".
[internationalizedtext.cpp:1159]: Duplicate text-key "fertilizer_factory".
[internationalizedtext.cpp:1159]: Duplicate text-key "explosives_factory".
[internationalizedtext.cpp:1159]: Duplicate text-key "dye_factory".
[internationalizedtext.cpp:1159]: Duplicate text-key "clipper_shipyard".
[internationalizedtext.cpp:1159]: Duplicate text-key "steamer_shipyard".
[internationalizedtext.cpp:1159]: Duplicate text-key "machine_parts_factory".
[internationalizedtext.cpp:1159]: Duplicate text-key "automobile_factory".
[internationalizedtext.cpp:1159]: Duplicate text-key "aeroplane_factory".
[internationalizedtext.cpp:1159]: Duplicate text-key "electric_gear_factory".
[internationalizedtext.cpp:1159]: Duplicate text-key "telephone_factory".
[internationalizedtext.cpp:1159]: Duplicate text-key "radio_factory".
[internationalizedtext.cpp:1159]: Duplicate text-key "winery".
[internationalizedtext.cpp:1159]: Duplicate text-key "liquor_distillery".
[internationalizedtext.cpp:1159]: Duplicate text-key "canned_food_factory".
[internationalizedtext.cpp:1159]: Duplicate text-key "fabric_factory".
[internationalizedtext.cpp:1159]: Duplicate text-key "regular_clothes_factory".
[internationalizedtext.cpp:1159]: Duplicate text-key "luxury_clothes_factory".
[internationalizedtext.cpp:1159]: Duplicate text-key "lumber_mill".
[internationalizedtext.cpp:1159]: Duplicate text-key "paper_mill".
[internationalizedtext.cpp:1159]: Duplicate text-key "furniture_factory".
[internationalizedtext.cpp:1159]: Duplicate text-key "luxury_furniture_factory".
[internationalizedtext.cpp:1159]: Duplicate text-key "synthetic_oil_factory".
[internationalizedtext.cpp:1183]: Empty key "RGO_NONE_EFFECT_TECH" found.
[internationalizedtext.cpp:1183]: Empty key "FACTORY_NONE_EFFECT_TECH" found.
[internationalizedtext.cpp:1183]: Empty key "ARTISAN_NONE_EFFECT_TECH" found.
[internationalizedtext.cpp:1183]: Empty key "NONE_TYPE_INPUT_TECH" found.
[internationalizedtext.cpp:1183]: Empty key "NONE_TYPE_OUTPUT_TECH" found.
[internationalizedtext.cpp:1183]: Empty key "NONE_TYPE_THROUGHPUT_TECH" found.
[internationalizedtext.cpp:1183]: Empty key "NONE_TYPE_NONE_EFFECT_TECH" found.
[internationalizedtext.cpp:1159]: Duplicate text-key "PRODUCTION".
[internationalizedtext.cpp:1159]: Duplicate text-key "BUDGET".
[internationalizedtext.cpp:1159]: Duplicate text-key "POLITICS".
[internationalizedtext.cpp:1159]: Duplicate text-key "DIPLOMACY".
[internationalizedtext.cpp:1159]: Duplicate text-key "MILITARY".
[internationalizedtext.cpp:1159]: Duplicate text-key "IS_MOBILIZED_TR".
[internationalizedtext.cpp:1159]: Duplicate text-key "IS_MOBILIZED_TR".
[internationalizedtext.cpp:1159]: Duplicate text-key "BATTLE_OF".
[internationalizedtext.cpp:1183]: Empty key "" found.
[internationalizedtext.cpp:1189]: 

***********************************************************


